[debug] > Exec(early(addDefaultCommands), None, None)
[debug] > Exec(addDefaultCommands, None, None)
[debug] > Exec(early(initialize), None, None)
[debug] > Exec(initialize, None, None)
[debug] > Exec(early(addPluginSbtFile="""C:\Users\user\AppData\Local\Temp\idea1.sbt"""), None, None)
[debug] > Exec(addPluginSbtFile="""C:\Users\user\AppData\Local\Temp\idea1.sbt""", None, None)
[debug] > Exec(boot, None, None)
[debug] > Exec(writeSbtVersion, None, None)
[debug] > Exec(reload, None, None)
[debug] > Exec(sbtStashOnFailure, None, None)
[debug] > Exec(onFailure loadFailed, None, None)
[debug] > Exec(loadp, None, None)
[info] welcome to sbt 1.9.7 (Oracle Corporation Java 1.8.0_401)
[debug] Load.defaultLoad until apply took 149.7453ms
[debug]           Load.loadUnit: plugins took 83.1429ms
[debug]           Load.loadUnit: defsScala took 0.2337ms
[debug] [Loading] Scanning directory C:\Users\user\IdeaProjects\addressappassignment-myleslimwennliang2\project
[debug]             Load.loadUnit: mkEval took 9.2458ms
[debug] [Loading] Found non-root projects 
[debug] [Loading] Done in C:\Users\user\IdeaProjects\addressappassignment-myleslimwennliang2\project, returning: ()
[debug] deducing auto plugins based on known facts Set(Atom(sbt.plugins.CorePlugin)) and clauses Clauses(Clause(Atom(sbt.plugins.JvmPlugin),Set(Atom(sbt.plugins.IvyPlugin)))
[debug] Clause(Atom(sbt.ScriptedPlugin),Set(Atom(sbt.plugins.JvmPlugin)))
[debug] Clause(Atom(sbt.plugins.SbtPlugin),Set(Atom(sbt.ScriptedPlugin)))
[debug] Clause(Atom(sbt.plugins.SemanticdbPlugin),Set(Atom(sbt.plugins.JvmPlugin)))
[debug] Clause(Atom(sbt.plugins.JUnitXmlReportPlugin),Set(Atom(sbt.plugins.JvmPlugin)))
[debug] Clause(Atom(sbt.plugins.MiniDependencyTreePlugin),Set(Atom(sbt.plugins.JvmPlugin)))
[debug] Clause(Atom(sbt.plugins.CorePlugin),Set(Atom(sbt.plugins.IvyPlugin)))
[debug] Clause(Atom(sbt.plugins.IvyPlugin),Set(Atom(sbt.plugins.JvmPlugin)))
[debug] Clause(Atom(sbt.plugins.JvmPlugin),Set(Atom(sbt.plugins.SemanticdbPlugin)))
[debug] Clause(Atom(sbt.plugins.JvmPlugin),Set(Atom(sbt.plugins.JUnitXmlReportPlugin)))
[debug] Clause(Atom(sbt.plugins.CorePlugin),Set(Atom(sbt.plugins.Giter8TemplatePlugin)))
[debug] Clause(Atom(sbt.plugins.JvmPlugin),Set(Atom(sbt.plugins.MiniDependencyTreePlugin))))
[debug]   :: deduced result: Matched(sbt.plugins.CorePlugin,sbt.plugins.Giter8TemplatePlugin,sbt.plugins.IvyPlugin,sbt.plugins.JvmPlugin,sbt.plugins.MiniDependencyTreePlugin,sbt.plugins.JUnitXmlReportPlugin,sbt.plugins.SemanticdbPlugin)
[debug] Plugins.deducer#function took 12.2669 ms
[info] loading settings for project addressappassignment-myleslimwennliang2-build from idea1.sbt ...
[debug]               Load.resolveProject(addressappassignment-myleslimwennliang2-build) took 42.9375ms
[debug]             Load.loadTransitive: finalizeProject(Project(id addressappassignment-myleslimwennliang2-build, base: C:\Users\user\IdeaProjects\addressappassignment-myleslimwennliang2\project, plugins: List(<none>))) took 61.6408ms
[debug] [Loading] Done in C:\Users\user\IdeaProjects\addressappassignment-myleslimwennliang2\project, returning: (addressappassignment-myleslimwennliang2-build)
[debug]           Load.loadUnit: loadedProjectsRaw took 2296.5342ms
[debug]           Load.loadUnit: cleanEvalClasses took 9.169ms
[debug]         Load.loadUnit(file:/C:/Users/user/IdeaProjects/addressappassignment-myleslimwennliang2/project/, ...) took 2393.8445ms
[debug]       Load.apply: load took 2853.6997ms
[debug]       Load.apply: resolveProjects took 5.2742ms
[debug]       Load.apply: finalTransforms took 84.0565ms
[debug]       Load.apply: config.delegates took 5.7502ms
[debug]       Load.apply: Def.make(settings)... took 438.9817ms
[debug]       Load.apply: structureIndex took 75.6892ms
[debug]       Load.apply: mkStreams took 1.7561ms
[info] loading project definition from C:\Users\user\IdeaProjects\addressappassignment-myleslimwennliang2\project
[debug] Running task... Cancel: Signal, check cycles: false, forcegc: true
[debug]     Load.loadUnit: plugins took 6294.5322ms
[debug]     Load.loadUnit: defsScala took 0.0034ms
[debug] [Loading] Scanning directory C:\Users\user\IdeaProjects\addressappassignment-myleslimwennliang2
[debug]       Load.loadUnit: mkEval took 0.332ms
[debug] [Loading] Found root project root w/ remaining 
[debug] deducing auto plugins based on known facts Set(Atom(sbt.plugins.CorePlugin)) and clauses Clauses(Clause(Atom(sbt.plugins.JvmPlugin),Set(Atom(sbt.plugins.IvyPlugin)))
[debug] Clause(Atom(sbt.ScriptedPlugin),Set(Atom(sbt.plugins.JvmPlugin)))
[debug] Clause(Atom(sbt.plugins.SbtPlugin),Set(Atom(sbt.ScriptedPlugin)))
[debug] Clause(Atom(sbt.plugins.SemanticdbPlugin),Set(Atom(sbt.plugins.JvmPlugin)))
[debug] Clause(Atom(sbt.plugins.JUnitXmlReportPlugin),Set(Atom(sbt.plugins.JvmPlugin)))
[debug] Clause(Atom(sbt.plugins.MiniDependencyTreePlugin),Set(Atom(sbt.plugins.JvmPlugin)))
[debug] Clause(Atom(org.jetbrains.sbt.StructurePlugin),Set(Atom(sbt.plugins.JvmPlugin)))
[debug] Clause(Atom(org.jetbrains.sbt.IdeaShellPlugin),Set(Atom(sbt.plugins.JvmPlugin)))
[debug] Clause(Atom(sbt.plugins.CorePlugin),Set(Atom(sbt.plugins.IvyPlugin)))
[debug] Clause(Atom(sbt.plugins.IvyPlugin),Set(Atom(sbt.plugins.JvmPlugin)))
[debug] Clause(Atom(sbt.plugins.JvmPlugin),Set(Atom(sbt.plugins.SemanticdbPlugin)))
[debug] Clause(Atom(sbt.plugins.JvmPlugin),Set(Atom(sbt.plugins.JUnitXmlReportPlugin)))
[debug] Clause(Atom(sbt.plugins.CorePlugin),Set(Atom(sbt.plugins.Giter8TemplatePlugin)))
[debug] Clause(Atom(sbt.plugins.JvmPlugin),Set(Atom(sbt.plugins.MiniDependencyTreePlugin)))
[debug] Clause(Atom(sbt.plugins.JvmPlugin),Set(Atom(org.jetbrains.sbt.StructurePlugin)))
[debug] Clause(Atom(sbt.plugins.JvmPlugin),Set(Atom(org.jetbrains.sbt.IdeaShellPlugin))))
[debug]   :: deduced result: Matched(sbt.plugins.CorePlugin,sbt.plugins.Giter8TemplatePlugin,sbt.plugins.IvyPlugin,sbt.plugins.JvmPlugin,sbt.plugins.SemanticdbPlugin,sbt.plugins.JUnitXmlReportPlugin,org.jetbrains.sbt.IdeaShellPlugin,org.jetbrains.sbt.StructurePlugin,sbt.plugins.MiniDependencyTreePlugin)
[debug] Plugins.deducer#function took 2.9859 ms
[info] loading settings for project root from build.sbt ...
[debug]         Load.resolveProject(root) took 39.244ms
[debug]       Load.loadTransitive: finalizeProject(Project(id root, base: C:\Users\user\IdeaProjects\addressappassignment-myleslimwennliang2, plugins: List(<none>))) took 43.6896ms
[debug] [Loading] Done in C:\Users\user\IdeaProjects\addressappassignment-myleslimwennliang2, returning: (root)
[debug]     Load.loadUnit: loadedProjectsRaw took 1615.9147ms
[debug]     Load.loadUnit: cleanEvalClasses took 17.1152ms
[debug]   Load.loadUnit(file:/C:/Users/user/IdeaProjects/addressappassignment-myleslimwennliang2/, ...) took 7928.9546ms
[debug] Load.apply: load took 7943.7033ms
[debug] Load.apply: resolveProjects took 0.0999ms
[debug] Load.apply: finalTransforms took 28.2978ms
[debug] Load.apply: config.delegates took 0.4205ms
[debug] Load.apply: Def.make(settings)... took 98.5469ms
[debug] Load.apply: structureIndex took 23.6223ms
[debug] Load.apply: mkStreams took 0.0031ms
[info] set current project to scalaFXIntro (in build file:/C:/Users/user/IdeaProjects/addressappassignment-myleslimwennliang2/)
[debug] > Exec(sbtPopOnFailure, None, None)
[debug] > Exec(resumeFromFailure, None, None)
[debug] > Exec(notifyUsersAboutShell, None, None)
[debug] > Exec(iflast shell, None, None)
[debug] > Exec(idea-shell, None, None)
